Flow report for crc_component_project
Wed Jul 19 18:10:44 2023
Quartus Prime Version 22.1std.1 Build 917 02/14/2023 SC Lite Edition


---------------------
; Table of Contents ;
---------------------
  1. Legal Notice
  2. Flow Summary
  3. Flow Settings
  4. Flow Non-Default Global Settings
  5. Flow Elapsed Time
  6. Flow OS Summary
  7. Flow Log
  8. Flow Messages
  9. Flow Suppressed Messages



----------------
; Legal Notice ;
----------------
Copyright (C) 2023  Intel Corporation. All rights reserved.
Your use of Intel Corporation's design tools, logic functions 
and other software and tools, and any partner logic 
functions, and any output files from any of the foregoing 
(including device programming or simulation files), and any 
associated documentation or information are expressly subject 
to the terms and conditions of the Intel Program License 
Subscription Agreement, the Intel Quartus Prime License Agreement,
the Intel FPGA IP License Agreement, or other applicable license
agreement, including, without limitation, that your use is for
the sole purpose of programming logic devices manufactured by
Intel and sold by Intel or its authorized distributors.  Please
refer to the applicable agreement for further details, at
https://fpgasoftware.intel.com/eula.



+----------------------------------------------------------------------------------+
; Flow Summary                                                                     ;
+---------------------------------+------------------------------------------------+
; Flow Status                     ; Successful - Wed Jul 19 18:10:44 2023          ;
; Quartus Prime Version           ; 22.1std.1 Build 917 02/14/2023 SC Lite Edition ;
; Revision Name                   ; crc_component_project                          ;
; Top-level Entity Name           ; crc_component_project                          ;
; Family                          ; Cyclone V                                      ;
; Device                          ; 5CSXFC6D6F31C6                                 ;
; Timing Models                   ; Final                                          ;
; Logic utilization (in ALMs)     ; 640 / 41,910 ( 2 % )                           ;
; Total registers                 ; 885                                            ;
; Total pins                      ; 5 / 499 ( 1 % )                                ;
; Total virtual pins              ; 0                                              ;
; Total block memory bits         ; 43,008 / 5,662,720 ( < 1 % )                   ;
; Total DSP Blocks                ; 0 / 112 ( 0 % )                                ;
; Total HSSI RX PCSs              ; 0 / 9 ( 0 % )                                  ;
; Total HSSI PMA RX Deserializers ; 0 / 9 ( 0 % )                                  ;
; Total HSSI TX PCSs              ; 0 / 9 ( 0 % )                                  ;
; Total HSSI PMA TX Serializers   ; 0 / 9 ( 0 % )                                  ;
; Total PLLs                      ; 0 / 15 ( 0 % )                                 ;
; Total DLLs                      ; 0 / 4 ( 0 % )                                  ;
+---------------------------------+------------------------------------------------+


+-------------------------------------------+
; Flow Settings                             ;
+-------------------+-----------------------+
; Option            ; Setting               ;
+-------------------+-----------------------+
; Start date & time ; 07/19/2023 18:08:19   ;
; Main task         ; Compilation           ;
; Revision Name     ; crc_component_project ;
+-------------------+-----------------------+


+--------------------------------------------------------------------------------------------------------------------------------------------------------------------+
; Flow Non-Default Global Settings                                                                                                                                   ;
+-------------------------------------+------------------------------------------------------------+---------------+-------------+-----------------------------------+
; Assignment Name                     ; Value                                                      ; Default Value ; Entity Name ; Section Id                        ;
+-------------------------------------+------------------------------------------------------------+---------------+-------------+-----------------------------------+
; COMPILER_SIGNATURE_ID               ; 220998216322793.168978289912391                            ; --            ; --          ; --                                ;
; EDA_GENERATE_FUNCTIONAL_NETLIST     ; Off                                                        ; --            ; --          ; eda_board_design_timing           ;
; EDA_GENERATE_FUNCTIONAL_NETLIST     ; Off                                                        ; --            ; --          ; eda_board_design_boundary_scan    ;
; EDA_GENERATE_FUNCTIONAL_NETLIST     ; Off                                                        ; --            ; --          ; eda_board_design_signal_integrity ;
; EDA_GENERATE_FUNCTIONAL_NETLIST     ; Off                                                        ; --            ; --          ; eda_board_design_symbol           ;
; EDA_OUTPUT_DATA_FORMAT              ; Vhdl                                                       ; --            ; --          ; eda_simulation                    ;
; EDA_SIMULATION_TOOL                 ; Questa Intel FPGA (VHDL)                                   ; <None>        ; --          ; --                                ;
; EDA_TIME_SCALE                      ; 1 ps                                                       ; --            ; --          ; eda_simulation                    ;
; MAX_CORE_JUNCTION_TEMP              ; 85                                                         ; --            ; --          ; --                                ;
; MIN_CORE_JUNCTION_TEMP              ; 0                                                          ; --            ; --          ; --                                ;
; MISC_FILE                           ; qsys/synthesis/../crc_qsys.cmp                             ; --            ; --          ; --                                ;
; MISC_FILE                           ; qsys/synthesis/../../crc_qsys.qsys                         ; --            ; --          ; --                                ;
; PARTITION_COLOR                     ; -- (Not supported for targeted family)                     ; --            ; --          ; Top                               ;
; PARTITION_FITTER_PRESERVATION_LEVEL ; -- (Not supported for targeted family)                     ; --            ; --          ; Top                               ;
; PARTITION_NETLIST_TYPE              ; -- (Not supported for targeted family)                     ; --            ; --          ; Top                               ;
; POWER_BOARD_THERMAL_MODEL           ; None (CONSERVATIVE)                                        ; --            ; --          ; --                                ;
; POWER_PRESET_COOLING_SOLUTION       ; 23 MM HEAT SINK WITH 200 LFPM AIRFLOW                      ; --            ; --          ; --                                ;
; PROJECT_OUTPUT_DIRECTORY            ; output_files                                               ; --            ; --          ; --                                ;
; SLD_FILE                            ; qsys/synthesis/crc_qsys.debuginfo                          ; --            ; --          ; --                                ;
; SLD_INFO                            ; QSYS_NAME crc_qsys HAS_SOPCINFO 1 GENERATION_ID 1689782515 ; --            ; crc_qsys    ; --                                ;
; SOPCINFO_FILE                       ; qsys/synthesis/../../crc_qsys.sopcinfo                     ; --            ; --          ; --                                ;
; SYNTHESIS_ONLY_QIP                  ; On                                                         ; --            ; --          ; --                                ;
+-------------------------------------+------------------------------------------------------------+---------------+-------------+-----------------------------------+


+--------------------------------------------------------------------------------------------------------------------------+
; Flow Elapsed Time                                                                                                        ;
+----------------------+--------------+-------------------------+---------------------+------------------------------------+
; Module Name          ; Elapsed Time ; Average Processors Used ; Peak Virtual Memory ; Total CPU Time (on all processors) ;
+----------------------+--------------+-------------------------+---------------------+------------------------------------+
; Analysis & Synthesis ; 00:00:30     ; 1.0                     ; 565 MB              ; 00:00:57                           ;
; Fitter               ; 00:01:24     ; 1.0                     ; 1644 MB             ; 00:02:38                           ;
; Assembler            ; 00:00:09     ; 1.0                     ; 538 MB              ; 00:00:08                           ;
; Timing Analyzer      ; 00:00:09     ; 1.3                     ; 846 MB              ; 00:00:11                           ;
; EDA Netlist Writer   ; 00:00:04     ; 1.0                     ; 706 MB              ; 00:00:04                           ;
; Total                ; 00:02:16     ; --                      ; --                  ; 00:03:58                           ;
+----------------------+--------------+-------------------------+---------------------+------------------------------------+


+----------------------------------------------------------------------------------------+
; Flow OS Summary                                                                        ;
+----------------------+------------------+----------------+------------+----------------+
; Module Name          ; Machine Hostname ; OS Name        ; OS Version ; Processor type ;
+----------------------+------------------+----------------+------------+----------------+
; Analysis & Synthesis ; TimsUbuntuLaptop ; Ubuntu 22.04.2 ; 22         ; x86_64         ;
; Fitter               ; TimsUbuntuLaptop ; Ubuntu 22.04.2 ; 22         ; x86_64         ;
; Assembler            ; TimsUbuntuLaptop ; Ubuntu 22.04.2 ; 22         ; x86_64         ;
; Timing Analyzer      ; TimsUbuntuLaptop ; Ubuntu 22.04.2 ; 22         ; x86_64         ;
; EDA Netlist Writer   ; TimsUbuntuLaptop ; Ubuntu 22.04.2 ; 22         ; x86_64         ;
+----------------------+------------------+----------------+------------+----------------+


------------
; Flow Log ;
------------
quartus_map --read_settings_files=on --write_settings_files=off crc_component_project -c crc_component_project
quartus_fit --read_settings_files=off --write_settings_files=off crc_component_project -c crc_component_project
quartus_asm --read_settings_files=off --write_settings_files=off crc_component_project -c crc_component_project
quartus_sta crc_component_project -c crc_component_project
quartus_eda --read_settings_files=off --write_settings_files=off crc_component_project -c crc_component_project



